<?xml version="1.0" encoding="UTF-8"?>
<!-- Generated by org.testng.reporters.JUnitReportReporter -->
<testsuite hostname="LAPTOP-M7E35HJA" failures="0" tests="4" name="testscripts.SortingPaginationFilteringTest" time="6.096" errors="0" timestamp="2025-03-01T20:19:50 IST" skipped="0">
  <testcase classname="testscripts.SortingPaginationFilteringTest" name="verifyMarketCapSortingAscending" time="3.102"/>
  <testcase classname="testscripts.SortingPaginationFilteringTest" name="verifyPagination" time="1.140"/>
  <testcase classname="testscripts.SortingPaginationFilteringTest" name="verifyPaginationNoDuplicates" time="1.385"/>
  <testcase classname="testscripts.SortingPaginationFilteringTest" name="verifyHighPageNumber" time="0.469"/>
</testsuite> <!-- testscripts.SortingPaginationFilteringTest -->
