<?xml version="1.0" encoding="UTF-8"?>
<!-- Generated by org.testng.reporters.JUnitReportReporter -->
<testsuite hostname="LAPTOP-M7E35HJA" failures="0" tests="3" name="testscripts.RateLimitingAndPerformanceTest" time="3.801" errors="0" timestamp="2025-03-02T15:11:11 IST" skipped="0">
  <testcase classname="testscripts.RateLimitingAndPerformanceTest" name="verifyNoRateLimiting" time="3.347"/>
  <testcase classname="testscripts.RateLimitingAndPerformanceTest" name="handleRateLimitWithRetry" time="0.241"/>
  <testcase classname="testscripts.RateLimitingAndPerformanceTest" name="verifyResponseTime" time="0.213"/>
</testsuite> <!-- testscripts.RateLimitingAndPerformanceTest -->
