<?xml version="1.0" encoding="UTF-8"?>
<!-- Generated by org.testng.reporters.JUnitReportReporter -->
<testsuite hostname="LAPTOP-M7E35HJA" failures="0" tests="4" name="testscripts.SortingPaginationTest" time="8.462" errors="0" timestamp="2025-03-02T15:01:49 IST" skipped="0">
  <testcase classname="testscripts.SortingPaginationTest" name="verifyMarketCapSortingAscending" time="3.792"/>
  <testcase classname="testscripts.SortingPaginationTest" name="verifyPagination" time="2.068"/>
  <testcase classname="testscripts.SortingPaginationTest" name="verifyPaginationNoDuplicates" time="1.529"/>
  <testcase classname="testscripts.SortingPaginationTest" name="verifyHighPageNumber" time="1.073"/>
</testsuite> <!-- testscripts.SortingPaginationTest -->
