<?xml version="1.0" encoding="UTF-8"?>
<!-- Generated by org.testng.reporters.JUnitReportReporter -->
<testsuite hostname="LAPTOP-M7E35HJA" failures="0" tests="1" name="testscripts.GetCryptoMarketDataTest" time="2.887" errors="0" timestamp="2025-02-28T14:21:16 IST" skipped="0">
  <testcase classname="testscripts.GetCryptoMarketDataTest" name="verifySQLInjectionProtection" time="2.887"/>
</testsuite> <!-- testscripts.GetCryptoMarketDataTest -->
