<?xml version="1.0" encoding="UTF-8"?>
<!-- Generated by org.testng.reporters.JUnitReportReporter -->
<testsuite hostname="LAPTOP-M7E35HJA" failures="0" tests="2" name="testscripts.StatusCodeAndFormatTest" time="4.573" errors="0" timestamp="2025-03-02T14:59:04 IST" skipped="0">
  <testcase classname="testscripts.StatusCodeAndFormatTest" name="verifyAPIStatusCode" time="3.508"/>
  <testcase classname="testscripts.StatusCodeAndFormatTest" name="verifyAPIResponseFormat" time="1.065"/>
</testsuite> <!-- testscripts.StatusCodeAndFormatTest -->
