<?xml version="1.0" encoding="UTF-8"?>
<!-- Generated by org.testng.reporters.JUnitReportReporter -->
<testsuite hostname="LAPTOP-M7E35HJA" failures="0" tests="4" name="testscripts.FilteringTest" time="7.847" errors="0" timestamp="2025-03-02T15:09:46 IST" skipped="0">
  <testcase classname="testscripts.FilteringTest" name="verifyIdFiltering" time="4.562"/>
  <testcase classname="testscripts.FilteringTest" name="verifyCurrencyFiltering" time="1.087"/>
  <testcase classname="testscripts.FilteringTest" name="verifyMarketCapSortingDescending" time="1.138"/>
  <testcase classname="testscripts.FilteringTest" name="verifyInvalidCoinId" time="1.060"/>
</testsuite> <!-- testscripts.FilteringTest -->
