<?xml version="1.0" encoding="UTF-8"?>
<!-- Generated by org.testng.reporters.JUnitReportReporter -->
<testsuite hostname="LAPTOP-M7E35HJA" failures="0" tests="5" name="testscripts.CurrenyDataValidationTest" time="8.302" errors="0" timestamp="2025-03-02T15:00:25 IST" skipped="0">
  <testcase classname="testscripts.CurrenyDataValidationTest" name="verifyAtLeastOneCryptoIsReturned" time="5.384"/>
  <testcase classname="testscripts.CurrenyDataValidationTest" name="verifyCurrencyData" time="1.858"/>
  <testcase classname="testscripts.CurrenyDataValidationTest" name="verifyBitcoinPriceIsValid" time="0.324"/>
  <testcase classname="testscripts.CurrenyDataValidationTest" name="verifyDataIsUpdatedWithinLast60Seconds" time="0.294"/>
  <testcase classname="testscripts.CurrenyDataValidationTest" name="verifyResponseContainsEssentialFields" time="0.442"/>
</testsuite> <!-- testscripts.CurrenyDataValidationTest -->
